<?xml version="1.0" encoding="UTF-8"?>
<!-- Generated by org.testng.reporters.JUnitReportReporter -->
<testsuite hostname="REoiMac.local" failures="0" tests="1" name="FindBrokenLinks.FindBrokenLinks" time="128.775" errors="0" timestamp="2023-10-08T13:04:14 EDT" skipped="0">
  <testcase classname="FindBrokenLinks.FindBrokenLinks" name="searchResuktDisplayed" time="128.775"/>
</testsuite> <!-- FindBrokenLinks.FindBrokenLinks -->
